<?xml version="1.0" encoding="UTF-8"?>
<testng-results ignored="0" total="1" passed="1" failed="0" skipped="0">
  <reporter-output>
  </reporter-output>
  <suite started-at="2018-07-01T08:57:24Z" name="Suite" finished-at="2018-07-01T08:57:24Z" duration-ms="134">
    <groups>
    </groups>
    <test started-at="2018-07-01T08:57:24Z" name="Test" finished-at="2018-07-01T08:57:24Z" duration-ms="134">
      <class name="test.DemoMaven">
        <test-method signature="testHello()[pri:0, instance:test.DemoMaven@683dbc2c]" started-at="2018-07-01T08:57:24Z" name="testHello" finished-at="2018-07-01T08:57:24Z" duration-ms="35" status="PASS">
          <reporter-output>
          </reporter-output>
        </test-method> <!-- testHello -->
      </class> <!-- test.DemoMaven -->
    </test> <!-- Test -->
  </suite> <!-- Suite -->
</testng-results>
